<<<<<<< HEAD
[0326/124830.728:ERROR:process_reader_win.cc(151)] SuspendThread: Access is denied. (0x5)
[0326/124830.730:ERROR:process_reader_win.cc(151)] SuspendThread: Access is denied. (0x5)
[0326/124830.731:ERROR:process_reader_win.cc(151)] SuspendThread: Access is denied. (0x5)
[0326/124830.731:ERROR:process_reader_win.cc(123)] NtOpenThread: {Access Denied} A process has requested access to an object, but has not been granted those access rights. (0xc0000022)
[0326/124830.755:ERROR:exception_snapshot_win.cc(98)] thread ID 2280 not found in process
[0326/124830.736:ERROR:process_reader_win.cc(123)] NtOpenThread: {Access Denied} A process has requested access to an object, but has not been granted those access rights. (0xc0000022)
[0326/124830.758:ERROR:exception_snapshot_win.cc(98)] thread ID 4692 not found in process
[0326/125313.108:ERROR:process_reader_win.cc(151)] SuspendThread: Access is denied. (0x5)
[0326/125313.132:ERROR:process_reader_win.cc(151)] SuspendThread: Access is denied. (0x5)
[0326/125313.132:ERROR:process_reader_win.cc(123)] NtOpenThread: {Access Denied} A process has requested access to an object, but has not been granted those access rights. (0xc0000022)
[0326/125313.134:ERROR:exception_snapshot_win.cc(98)] thread ID 7704 not found in process
[0326/125313.136:ERROR:process_reader_win.cc(151)] SuspendThread: Access is denied. (0x5)
[0326/125313.137:ERROR:process_reader_win.cc(123)] NtOpenThread: {Access Denied} A process has requested access to an object, but has not been granted those access rights. (0xc0000022)
[0326/125313.137:ERROR:exception_snapshot_win.cc(98)] thread ID 23504 not found in process
[0326/125313.202:ERROR:process_reader_win.cc(123)] NtOpenThread: {Access Denied} A process has requested access to an object, but has not been granted those access rights. (0xc0000022)
[0326/125313.202:ERROR:exception_snapshot_win.cc(98)] thread ID 30700 not found in process
[0326/130045.613:ERROR:process_reader_win.cc(151)] SuspendThread: Access is denied. (0x5)
[0326/130045.615:ERROR:process_reader_win.cc(151)] SuspendThread: Access is denied. (0x5)
[0326/130045.615:ERROR:process_reader_win.cc(123)] NtOpenThread: {Access Denied} A process has requested access to an object, but has not been granted those access rights. (0xc0000022)
[0326/130045.615:ERROR:exception_snapshot_win.cc(98)] thread ID 13848 not found in process
[0326/130045.626:ERROR:process_reader_win.cc(123)] NtOpenThread: {Access Denied} A process has requested access to an object, but has not been granted those access rights. (0xc0000022)
[0326/130045.627:ERROR:exception_snapshot_win.cc(98)] thread ID 27244 not found in process
[0326/130045.748:ERROR:process_reader_win.cc(123)] NtOpenThread: {Access Denied} A process has requested access to an object, but has not been granted those access rights. (0xc0000022)
[0326/130045.748:ERROR:exception_snapshot_win.cc(98)] thread ID 23736 not found in process
=======
[0326/122909.661:ERROR:process_reader_win.cc(123)] NtOpenThread: {Access Denied} A process has requested access to an object, but has not been granted those access rights. (0xc0000022)
[0326/122909.665:ERROR:exception_snapshot_win.cc(98)] thread ID 22984 not found in process
[0326/122909.662:ERROR:process_reader_win.cc(123)] NtOpenThread: {Access Denied} A process has requested access to an object, but has not been granted those access rights. (0xc0000022)
[0326/122909.666:ERROR:exception_snapshot_win.cc(98)] thread ID 10704 not found in process
[0326/122909.709:ERROR:process_reader_win.cc(123)] NtOpenThread: {Access Denied} A process has requested access to an object, but has not been granted those access rights. (0xc0000022)
[0326/122909.710:ERROR:exception_snapshot_win.cc(98)] thread ID 15620 not found in process
[0326/122909.717:ERROR:process_reader_win.cc(123)] NtOpenThread: {Access Denied} A process has requested access to an object, but has not been granted those access rights. (0xc0000022)
[0326/122909.717:ERROR:exception_snapshot_win.cc(98)] thread ID 21352 not found in process
<<<<<<< HEAD
>>>>>>> 052295061475277e7c2d9399d92d76cf69973f01
[0326/130843.203:ERROR:process_reader_win.cc(151)] SuspendThread: Access is denied. (0x5)
[0326/130843.204:ERROR:process_reader_win.cc(123)] NtOpenThread: {Access Denied} A process has requested access to an object, but has not been granted those access rights. (0xc0000022)
[0326/130843.204:ERROR:exception_snapshot_win.cc(98)] thread ID 29416 not found in process
[0326/130843.204:ERROR:process_reader_win.cc(151)] SuspendThread: Access is denied. (0x5)
[0326/130843.205:ERROR:process_reader_win.cc(151)] SuspendThread: Access is denied. (0x5)
[0326/130843.205:ERROR:process_reader_win.cc(123)] NtOpenThread: {Access Denied} A process has requested access to an object, but has not been granted those access rights. (0xc0000022)
[0326/130843.205:ERROR:exception_snapshot_win.cc(98)] thread ID 14224 not found in process
[0326/130843.285:ERROR:process_reader_win.cc(123)] NtOpenThread: {Access Denied} A process has requested access to an object, but has not been granted those access rights. (0xc0000022)
[0326/130843.285:ERROR:exception_snapshot_win.cc(98)] thread ID 22416 not found in process
[0326/132542.668:ERROR:process_reader_win.cc(123)] NtOpenThread: {Access Denied} A process has requested access to an object, but has not been granted those access rights. (0xc0000022)
[0326/132542.673:ERROR:exception_snapshot_win.cc(98)] thread ID 19576 not found in process
[0326/132542.830:ERROR:process_reader_win.cc(123)] NtOpenThread: {Access Denied} A process has requested access to an object, but has not been granted those access rights. (0xc0000022)
[0326/132542.831:ERROR:exception_snapshot_win.cc(98)] thread ID 25812 not found in process
=======
[0326/131044.776:ERROR:process_reader_win.cc(123)] NtOpenThread: {Access Denied} A process has requested access to an object, but has not been granted those access rights. (0xc0000022)
[0326/131044.776:ERROR:process_reader_win.cc(123)] NtOpenThread: {Access Denied} A process has requested access to an object, but has not been granted those access rights. (0xc0000022)
[0326/131044.776:ERROR:process_reader_win.cc(123)] NtOpenThread: {Access Denied} A process has requested access to an object, but has not been granted those access rights. (0xc0000022)
[0326/131044.778:ERROR:exception_snapshot_win.cc(98)] thread ID 22576 not found in process
[0326/131044.778:ERROR:exception_snapshot_win.cc(98)] thread ID 13916 not found in process
[0326/131044.778:ERROR:exception_snapshot_win.cc(98)] thread ID 2224 not found in process
[0326/131044.818:ERROR:process_reader_win.cc(123)] NtOpenThread: {Access Denied} A process has requested access to an object, but has not been granted those access rights. (0xc0000022)
[0326/131044.818:ERROR:exception_snapshot_win.cc(98)] thread ID 21484 not found in process
[0326/131044.820:ERROR:process_reader_win.cc(123)] NtOpenThread: {Access Denied} A process has requested access to an object, but has not been granted those access rights. (0xc0000022)
[0326/131044.820:ERROR:process_reader_win.cc(123)] NtOpenThread: {Access Denied} A process has requested access to an object, but has not been granted those access rights. (0xc0000022)
[0326/131044.821:ERROR:exception_snapshot_win.cc(98)] thread ID 18756 not found in process
[0326/131044.821:ERROR:exception_snapshot_win.cc(98)] thread ID 25384 not found in process
[0326/132028.173:ERROR:process_reader_win.cc(123)] NtOpenThread: {Access Denied} A process has requested access to an object, but has not been granted those access rights. (0xc0000022)
[0326/132028.173:ERROR:process_reader_win.cc(123)] NtOpenThread: {Access Denied} A process has requested access to an object, but has not been granted those access rights. (0xc0000022)
[0326/132028.174:ERROR:exception_snapshot_win.cc(98)] thread ID 13872 not found in process
[0326/132028.174:ERROR:exception_snapshot_win.cc(98)] thread ID 19240 not found in process
[0326/132028.199:ERROR:process_reader_win.cc(123)] NtOpenThread: {Access Denied} A process has requested access to an object, but has not been granted those access rights. (0xc0000022)
[0326/132028.199:ERROR:exception_snapshot_win.cc(98)] thread ID 24244 not found in process
>>>>>>> 1df431e2a117f7044353382060095e1a45767223
[0326/143319.367:ERROR:process_reader_win.cc(151)] SuspendThread: Access is denied. (0x5)
[0326/143319.368:ERROR:process_reader_win.cc(151)] SuspendThread: Access is denied. (0x5)
[0326/143319.368:ERROR:process_reader_win.cc(151)] SuspendThread: Access is denied. (0x5)
[0326/143319.368:ERROR:process_reader_win.cc(151)] SuspendThread: Access is denied. (0x5)
[0326/143319.368:ERROR:process_reader_win.cc(151)] SuspendThread: Access is denied. (0x5)
[0326/143319.368:ERROR:process_reader_win.cc(151)] SuspendThread: Access is denied. (0x5)
[0326/143319.368:ERROR:process_reader_win.cc(151)] SuspendThread: Access is denied. (0x5)
[0326/143319.368:ERROR:process_reader_win.cc(151)] SuspendThread: Access is denied. (0x5)
[0326/143319.368:ERROR:process_reader_win.cc(151)] SuspendThread: Access is denied. (0x5)
[0326/143319.379:ERROR:process_reader_win.cc(151)] SuspendThread: Access is denied. (0x5)
[0326/143319.380:ERROR:process_reader_win.cc(151)] SuspendThread: Access is denied. (0x5)
[0326/143319.380:ERROR:process_reader_win.cc(151)] SuspendThread: Access is denied. (0x5)
[0326/143319.380:ERROR:process_reader_win.cc(151)] SuspendThread: Access is denied. (0x5)
[0326/143319.380:ERROR:process_reader_win.cc(151)] SuspendThread: Access is denied. (0x5)
[0326/143319.380:ERROR:process_reader_win.cc(151)] SuspendThread: Access is denied. (0x5)
[0326/143319.380:ERROR:process_reader_win.cc(151)] SuspendThread: Access is denied. (0x5)
[0326/143319.380:ERROR:process_reader_win.cc(151)] SuspendThread: Access is denied. (0x5)
[0326/143319.380:ERROR:process_reader_win.cc(151)] SuspendThread: Access is denied. (0x5)
[0326/143319.380:ERROR:process_reader_win.cc(151)] SuspendThread: Access is denied. (0x5)
[0326/143319.380:ERROR:process_reader_win.cc(151)] SuspendThread: Access is denied. (0x5)
[0326/143319.381:ERROR:process_reader_win.cc(151)] SuspendThread: Access is denied. (0x5)
[0326/143319.381:ERROR:process_reader_win.cc(151)] SuspendThread: Access is denied. (0x5)
[0326/143319.381:ERROR:process_reader_win.cc(151)] SuspendThread: Access is denied. (0x5)
[0326/143319.381:ERROR:process_reader_win.cc(151)] SuspendThread: Access is denied. (0x5)
[0326/143319.381:ERROR:process_reader_win.cc(151)] SuspendThread: Access is denied. (0x5)
[0326/143319.381:ERROR:process_reader_win.cc(151)] SuspendThread: Access is denied. (0x5)
[0326/143319.382:ERROR:process_reader_win.cc(151)] SuspendThread: Access is denied. (0x5)
[0326/143319.382:ERROR:process_reader_win.cc(151)] SuspendThread: Access is denied. (0x5)
[0326/143319.383:ERROR:process_reader_win.cc(151)] SuspendThread: Access is denied. (0x5)
[0326/143319.384:ERROR:process_reader_win.cc(151)] SuspendThread: Access is denied. (0x5)
[0326/143319.384:ERROR:process_reader_win.cc(151)] SuspendThread: Access is denied. (0x5)
[0326/143319.384:ERROR:process_reader_win.cc(151)] SuspendThread: Access is denied. (0x5)
[0326/143319.384:ERROR:process_reader_win.cc(151)] SuspendThread: Access is denied. (0x5)
[0326/143319.384:ERROR:process_reader_win.cc(151)] SuspendThread: Access is denied. (0x5)
[0326/143319.387:ERROR:process_reader_win.cc(151)] SuspendThread: Access is denied. (0x5)
[0326/143319.387:ERROR:process_reader_win.cc(151)] SuspendThread: Access is denied. (0x5)
[0326/143319.387:ERROR:process_reader_win.cc(151)] SuspendThread: Access is denied. (0x5)
[0326/143319.388:ERROR:process_reader_win.cc(151)] SuspendThread: Access is denied. (0x5)
[0326/143319.388:ERROR:process_reader_win.cc(151)] SuspendThread: Access is denied. (0x5)
[0326/143319.388:ERROR:process_reader_win.cc(151)] SuspendThread: Access is denied. (0x5)
[0326/143319.388:ERROR:process_reader_win.cc(151)] SuspendThread: Access is denied. (0x5)
[0326/143319.388:ERROR:process_reader_win.cc(151)] SuspendThread: Access is denied. (0x5)
[0326/143319.388:ERROR:process_reader_win.cc(151)] SuspendThread: Access is denied. (0x5)
[0326/143319.388:ERROR:process_reader_win.cc(151)] SuspendThread: Access is denied. (0x5)
[0326/143319.368:ERROR:process_reader_win.cc(123)] NtOpenThread: {Access Denied} A process has requested access to an object, but has not been granted those access rights. (0xc0000022)
[0326/143319.388:ERROR:exception_snapshot_win.cc(98)] thread ID 3276 not found in process
[0326/143319.382:ERROR:process_reader_win.cc(123)] NtOpenThread: {Access Denied} A process has requested access to an object, but has not been granted those access rights. (0xc0000022)
[0326/143319.389:ERROR:exception_snapshot_win.cc(98)] thread ID 21588 not found in process
[0326/143319.384:ERROR:process_reader_win.cc(123)] NtOpenThread: {Access Denied} A process has requested access to an object, but has not been granted those access rights. (0xc0000022)
[0326/143319.390:ERROR:exception_snapshot_win.cc(98)] thread ID 17932 not found in process
[0326/143319.380:ERROR:process_reader_win.cc(123)] NtOpenThread: {Access Denied} A process has requested access to an object, but has not been granted those access rights. (0xc0000022)
[0326/143319.390:ERROR:exception_snapshot_win.cc(98)] thread ID 30736 not found in process
[0326/143319.389:ERROR:process_reader_win.cc(151)] SuspendThread: Access is denied. (0x5)
[0326/143319.390:ERROR:process_reader_win.cc(151)] SuspendThread: Access is denied. (0x5)
[0326/143319.390:ERROR:process_reader_win.cc(151)] SuspendThread: Access is denied. (0x5)
[0326/143319.390:ERROR:process_reader_win.cc(151)] SuspendThread: Access is denied. (0x5)
[0326/143319.391:ERROR:process_reader_win.cc(151)] SuspendThread: Access is denied. (0x5)
[0326/143319.391:ERROR:process_reader_win.cc(151)] SuspendThread: Access is denied. (0x5)
[0326/143319.391:ERROR:process_reader_win.cc(151)] SuspendThread: Access is denied. (0x5)
[0326/143319.391:ERROR:process_reader_win.cc(151)] SuspendThread: Access is denied. (0x5)
[0326/143319.391:ERROR:process_reader_win.cc(151)] SuspendThread: Access is denied. (0x5)
[0326/143319.388:ERROR:process_reader_win.cc(123)] NtOpenThread: {Access Denied} A process has requested access to an object, but has not been granted those access rights. (0xc0000022)
[0326/143319.392:ERROR:exception_snapshot_win.cc(98)] thread ID 21604 not found in process
[0326/143319.391:ERROR:process_reader_win.cc(123)] NtOpenThread: {Access Denied} A process has requested access to an object, but has not been granted those access rights. (0xc0000022)
[0326/143319.393:ERROR:exception_snapshot_win.cc(98)] thread ID 33540 not found in process
[0326/143319.426:ERROR:process_reader_win.cc(123)] NtOpenThread: {Access Denied} A process has requested access to an object, but has not been granted those access rights. (0xc0000022)
[0326/143319.427:ERROR:exception_snapshot_win.cc(98)] thread ID 3424 not found in process
[0326/143319.451:ERROR:process_reader_win.cc(151)] SuspendThread: Access is denied. (0x5)
[0326/143319.452:ERROR:process_reader_win.cc(151)] SuspendThread: Access is denied. (0x5)
[0326/143319.452:ERROR:process_reader_win.cc(123)] NtOpenThread: {Access Denied} A process has requested access to an object, but has not been granted those access rights. (0xc0000022)
[0326/143319.453:ERROR:exception_snapshot_win.cc(98)] thread ID 30176 not found in process
[0326/143319.459:ERROR:process_reader_win.cc(151)] SuspendThread: Access is denied. (0x5)
[0326/143319.460:ERROR:process_reader_win.cc(151)] SuspendThread: Access is denied. (0x5)
[0326/143319.460:ERROR:process_reader_win.cc(123)] NtOpenThread: {Access Denied} A process has requested access to an object, but has not been granted those access rights. (0xc0000022)
[0326/143319.460:ERROR:exception_snapshot_win.cc(98)] thread ID 7388 not found in process
[0326/143319.552:ERROR:process_reader_win.cc(151)] SuspendThread: Access is denied. (0x5)
[0326/143319.552:ERROR:process_reader_win.cc(151)] SuspendThread: Access is denied. (0x5)
[0326/143319.552:ERROR:process_reader_win.cc(151)] SuspendThread: Access is denied. (0x5)
[0326/143319.552:ERROR:process_reader_win.cc(151)] SuspendThread: Access is denied. (0x5)
[0326/143319.553:ERROR:process_reader_win.cc(123)] NtOpenThread: {Access Denied} A process has requested access to an object, but has not been granted those access rights. (0xc0000022)
[0326/143319.553:ERROR:exception_snapshot_win.cc(98)] thread ID 33184 not found in process
[0326/143319.561:ERROR:process_reader_win.cc(123)] NtOpenThread: {Access Denied} A process has requested access to an object, but has not been granted those access rights. (0xc0000022)
[0326/143319.561:ERROR:exception_snapshot_win.cc(98)] thread ID 31400 not found in process
[0326/143319.568:ERROR:process_reader_win.cc(151)] SuspendThread: Access is denied. (0x5)
[0326/143319.568:ERROR:process_reader_win.cc(123)] NtOpenThread: {Access Denied} A process has requested access to an object, but has not been granted those access rights. (0xc0000022)
[0326/143319.568:ERROR:exception_snapshot_win.cc(98)] thread ID 12940 not found in process
[0326/143319.574:ERROR:process_reader_win.cc(151)] SuspendThread: Access is denied. (0x5)
[0326/143319.574:ERROR:process_reader_win.cc(123)] NtOpenThread: {Access Denied} A process has requested access to an object, but has not been granted those access rights. (0xc0000022)
[0326/143319.574:ERROR:exception_snapshot_win.cc(98)] thread ID 12532 not found in process
[0326/143319.587:ERROR:process_reader_win.cc(123)] NtOpenThread: {Access Denied} A process has requested access to an object, but has not been granted those access rights. (0xc0000022)
[0326/143319.587:ERROR:exception_snapshot_win.cc(98)] thread ID 23120 not found in process
[0326/143319.596:ERROR:process_reader_win.cc(151)] SuspendThread: Access is denied. (0x5)
[0326/143319.596:ERROR:process_reader_win.cc(123)] NtOpenThread: {Access Denied} A process has requested access to an object, but has not been granted those access rights. (0xc0000022)
[0326/143319.596:ERROR:exception_snapshot_win.cc(98)] thread ID 27044 not found in process
[0326/143319.606:ERROR:process_reader_win.cc(123)] NtOpenThread: {Access Denied} A process has requested access to an object, but has not been granted those access rights. (0xc0000022)
[0326/143319.607:ERROR:exception_snapshot_win.cc(98)] thread ID 24356 not found in process
